Start slurm job at Thu Nov 17 13:11:59 CST 2022
** fvcore version of PathManager will be deprecated soon. **
** Please migrate to the version in iopath repo. **
https://github.com/facebookresearch/iopath 

[11/17 13:12:05][INFO] test_net:  173: Test with config:
[11/17 13:12:05][INFO] test_net:  174: AVA:
  ANNOTATION_DIR: /mnt/vol/gfsai-flash3-east/ai-group/users/haoqifan/ava/frame_list/
  BGR: False
  DETECTION_SCORE_THRESH: 0.9
  EXCLUSION_FILE: ava_val_excluded_timestamps_v2.2.csv
  FRAME_DIR: /mnt/fair-flash3-east/ava_trainval_frames.img/
  FRAME_LIST_DIR: /mnt/vol/gfsai-flash3-east/ai-group/users/haoqifan/ava/frame_list/
  FULL_TEST_ON_VAL: False
  GROUNDTRUTH_FILE: ava_val_v2.2.csv
  IMG_PROC_BACKEND: cv2
  LABEL_MAP_FILE: ava_action_list_v2.2_for_activitynet_2019.pbtxt
  TEST_FORCE_FLIP: False
  TEST_LISTS: ['val.csv']
  TEST_PREDICT_BOX_LISTS: ['ava_val_predicted_boxes.csv']
  TRAIN_GT_BOX_LISTS: ['ava_train_v2.2.csv']
  TRAIN_LISTS: ['train.csv']
  TRAIN_PCA_EIGVAL: [0.225, 0.224, 0.229]
  TRAIN_PCA_EIGVEC: [[-0.5675, 0.7192, 0.4009], [-0.5808, -0.0045, -0.814], [-0.5836, -0.6948, 0.4203]]
  TRAIN_PCA_JITTER_ONLY: True
  TRAIN_PREDICT_BOX_LISTS: []
  TRAIN_USE_COLOR_AUGMENTATION: False
BENCHMARK:
  LOG_PERIOD: 100
  NUM_EPOCHS: 5
  SHUFFLE: True
BN:
  NORM_TYPE: batchnorm
  NUM_BATCHES_PRECISE: 200
  NUM_SPLITS: 1
  NUM_SYNC_DEVICES: 1
  USE_PRECISE_STATS: True
  WEIGHT_DECAY: 0.0
DATA:
  CROP_SIZE: 224
  DECODING_BACKEND: pyav
  ENSEMBLE_METHOD: sum
  INPUT_CHANNEL_NUM: [3]
  INV_UNIFORM_SAMPLE: False
  MEAN: [0.45, 0.45, 0.45]
  MULTI_LABEL: False
  NUM_FRAMES: 8
  OLD_PATH_TO_DATA_DIR: 
  PATH_LABEL_SEPARATOR:  
  PATH_PREFIX: 
  PATH_TO_DATA_DIR: /public/home/zhouz/perl5/dataset/crime/list/
  RANDOM_FLIP: True
  REVERSE_INPUT_CHANNEL: False
  SAMPLING_RATE: 8
  STD: [0.225, 0.225, 0.225]
  TARGET_FPS: 30
  TEST_CROP_SIZE: 224
  TRAIN_CROP_SIZE: 224
  TRAIN_JITTER_SCALES: [256, 320]
DATA_LOADER:
  ENABLE_MULTI_THREAD_DECODE: False
  NUM_WORKERS: 0
  PIN_MEMORY: False
DEMO:
  BUFFER_SIZE: 0
  CLIP_VIS_SIZE: 10
  COMMON_CLASS_NAMES: ['watch (a person)', 'talk to (e.g., self, a person, a group)', 'listen to (a person)', 'touch (an object)', 'carry/hold (an object)', 'walk', 'sit', 'lie/sleep', 'bend/bow (at the waist)']
  COMMON_CLASS_THRES: 0.7
  DETECTRON2_CFG: COCO-Detection/faster_rcnn_R_50_FPN_3x.yaml
  DETECTRON2_THRESH: 0.9
  DETECTRON2_WEIGHTS: detectron2://COCO-Detection/faster_rcnn_R_50_FPN_3x/137849458/model_final_280758.pkl
  DISPLAY_HEIGHT: 0
  DISPLAY_WIDTH: 0
  ENABLE: False
  FPS: 30
  GT_BOXES: 
  INPUT_FORMAT: BGR
  INPUT_VIDEO: 
  LABEL_FILE_PATH: 
  NUM_CLIPS_SKIP: 0
  NUM_VIS_INSTANCES: 2
  OUTPUT_FILE: 
  OUTPUT_FPS: -1
  PREDS_BOXES: 
  SLOWMO: 1
  STARTING_SECOND: 900
  THREAD_ENABLE: False
  UNCOMMON_CLASS_THRES: 0.3
  VIS_MODE: thres
  WEBCAM: -1
DETECTION:
  ALIGNED: True
  ENABLE: False
  ROI_XFORM_RESOLUTION: 7
  SPATIAL_SCALE_FACTOR: 16
DIST_BACKEND: nccl
LOG_MODEL_INFO: True
LOG_PERIOD: 10
MODEL:
  ARCH: slow
  DROPOUT_RATE: 0.5
  FC_INIT_STD: 0.01
  HEAD_ACT: softmax
  LOSS_FUNC: cross_entropy
  MODEL_NAME: ResNet
  MULTI_PATHWAY_ARCH: ['slowfast']
  NUM_CLASSES: 3
  OLD_MODEL_NAME: OLD_ResNet
  OLD_NUM_CLASSES: 3
  SINGLE_PATHWAY_ARCH: ['c2d', 'i3d', 'slow']
MULTIGRID:
  BN_BASE_SIZE: 8
  DEFAULT_B: 0
  DEFAULT_S: 0
  DEFAULT_T: 0
  EPOCH_FACTOR: 1.5
  EVAL_FREQ: 3
  LONG_CYCLE: False
  LONG_CYCLE_FACTORS: [(0.25, 0.7071067811865476), (0.5, 0.7071067811865476), (0.5, 1), (1, 1)]
  LONG_CYCLE_SAMPLING_RATE: 0
  SHORT_CYCLE: False
  SHORT_CYCLE_FACTORS: [0.5, 0.7071067811865476]
NONLOCAL:
  GROUP: [[1], [1], [1], [1]]
  INSTANTIATION: dot_product
  LOCATION: [[[]], [[]], [[]], [[]]]
  POOL: [[[1, 2, 2], [1, 2, 2]], [[1, 2, 2], [1, 2, 2]], [[1, 2, 2], [1, 2, 2]], [[1, 2, 2], [1, 2, 2]]]
NUM_GPUS: 1
NUM_SHARDS: 1
OUTPUT_DIR: ./HAV
RESNET:
  DEPTH: 50
  INPLACE_RELU: True
  NUM_BLOCK_TEMP_KERNEL: [[3], [4], [6], [3]]
  NUM_GROUPS: 1
  SPATIAL_DILATIONS: [[1], [1], [1], [1]]
  SPATIAL_STRIDES: [[1], [2], [2], [2]]
  STRIDE_1X1: False
  TRANS_FUNC: bottleneck_transform
  WIDTH_PER_GROUP: 64
  ZERO_INIT_FINAL_BN: True
RNG_SEED: 0
SHARD_ID: 0
SLOWFAST:
  ALPHA: 8
  BETA_INV: 8
  FUSION_CONV_CHANNEL_RATIO: 2
  FUSION_KERNEL_SZ: 5
SOLVER:
  BASE_LR: 0.0005
  DAMPENING: 0.0
  GAMMA: 0.1
  LRS: []
  LR_POLICY: cosine
  MAX_EPOCH: 50
  MOMENTUM: 0.9
  NESTEROV: True
  OPTIMIZING_METHOD: sgd
  STEPS: []
  STEP_SIZE: 1
  WARMUP_EPOCHS: 0.0
  WARMUP_FACTOR: 0.1
  WARMUP_START_LR: 0.01
  WEIGHT_DECAY: 1e-06
TENSORBOARD:
  CATEGORIES_PATH: 
  CLASS_NAMES_PATH: 
  CONFUSION_MATRIX:
    ENABLE: False
    FIGSIZE: [8, 8]
    SUBSET_PATH: 
  ENABLE: False
  HISTOGRAM:
    ENABLE: False
    FIGSIZE: [8, 8]
    SUBSET_PATH: 
    TOPK: 10
  LOG_DIR: 
  MODEL_VIS:
    ACTIVATIONS: False
    COLORMAP: Pastel2
    ENABLE: False
    GRAD_CAM:
      COLORMAP: viridis
      ENABLE: True
      LAYER_LIST: []
      USE_TRUE_LABEL: False
    INPUT_VIDEO: False
    LAYER_LIST: []
    MODEL_WEIGHTS: False
    TOPK_PREDS: 1
  PREDICTIONS_PATH: 
  WRONG_PRED_VIS:
    ENABLE: False
    SUBSET_PATH: 
    TAG: Incorrectly classified videos.
TEST:
  BATCH_SIZE: 32
  CHECKPOINT_FILE_PATH: /public/home/zhouz/perl5/HAR/HAV/checkpoints/checkpoint_epoch_00010.pyth
  CHECKPOINT_TYPE: pytorch
  DATASET: kinetics
  ENABLE: True
  NUM_ENSEMBLE_VIEWS: 10
  NUM_SPATIAL_CROPS: 3
  OLD_DATASET: old_kinetics
  SAVE_RESULTS_PATH: 
TRAIN:
  AUTO_RESUME: True
  BATCH_SIZE: 16
  CHECKPOINT_FILE_PATH: /public/home/zhouz/perl5/Drone-ICIL/pretrained/SLOWONLY_8x8_R50.pkl
  CHECKPOINT_INFLATE: True
  CHECKPOINT_PERIOD: 1
  CHECKPOINT_TYPE: caffe2
  DATASET: kinetics
  ENABLE: False
  EVAL_PERIOD: 10
  OLD_DATASET: Oldkinetics
[11/17 13:12:10][INFO] slowfast.datasets.kinetics:   73: Constructing Kinetics test...
[11/17 13:12:10][INFO] slowfast.datasets.kinetics:  133: Constructing kinetics dataloader (size: 8190) from /public/home/zhouz/perl5/dataset/crime/list/test.csv
[11/17 13:12:10][INFO] test_net:  185: Testing model for 256 iterations
[11/17 13:15:42][INFO] slowfast.utils.logging:   93: json_stats: {"cur_iter": "1", "eta": "15:01:11", "split": "test_iter", "time_diff": 211.218368}
[11/17 13:19:16][INFO] slowfast.utils.logging:   93: json_stats: {"cur_iter": "2", "eta": "15:08:54", "split": "test_iter", "time_diff": 213.860830}
[11/17 13:23:00][INFO] slowfast.utils.logging:   93: json_stats: {"cur_iter": "3", "eta": "15:47:42", "split": "test_iter", "time_diff": 223.869133}
[11/17 13:26:41][INFO] slowfast.utils.logging:   93: json_stats: {"cur_iter": "4", "eta": "15:31:48", "split": "test_iter", "time_diff": 220.982548}
[11/17 13:30:03][INFO] slowfast.utils.logging:   93: json_stats: {"cur_iter": "5", "eta": "14:11:07", "split": "test_iter", "time_diff": 202.650348}
[11/17 13:33:29][INFO] slowfast.utils.logging:   93: json_stats: {"cur_iter": "6", "eta": "14:20:02", "split": "test_iter", "time_diff": 205.587310}
[11/17 13:36:58][INFO] slowfast.utils.logging:   93: json_stats: {"cur_iter": "7", "eta": "14:30:47", "split": "test_iter", "time_diff": 208.988924}
[11/17 13:40:26][INFO] slowfast.utils.logging:   93: json_stats: {"cur_iter": "8", "eta": "14:25:26", "split": "test_iter", "time_diff": 208.540248}
[11/17 13:43:51][INFO] slowfast.utils.logging:   93: json_stats: {"cur_iter": "9", "eta": "14:04:49", "split": "test_iter", "time_diff": 204.391755}
[11/17 13:46:14][INFO] slowfast.utils.logging:   93: json_stats: {"cur_iter": "10", "eta": "9:48:21", "split": "test_iter", "time_diff": 142.922963}
[11/17 13:48:10][INFO] slowfast.utils.logging:   93: json_stats: {"cur_iter": "11", "eta": "7:57:23", "split": "test_iter", "time_diff": 116.436412}
[11/17 13:49:59][INFO] slowfast.utils.logging:   93: json_stats: {"cur_iter": "12", "eta": "7:26:06", "split": "test_iter", "time_diff": 109.250453}
[11/17 13:52:11][INFO] slowfast.utils.logging:   93: json_stats: {"cur_iter": "13", "eta": "8:55:39", "split": "test_iter", "time_diff": 131.720746}
[11/17 13:54:02][INFO] slowfast.utils.logging:   93: json_stats: {"cur_iter": "14", "eta": "7:27:39", "split": "test_iter", "time_diff": 110.531710}
[11/17 13:55:55][INFO] slowfast.utils.logging:   93: json_stats: {"cur_iter": "15", "eta": "7:36:23", "split": "test_iter", "time_diff": 113.155775}
[11/17 13:57:40][INFO] slowfast.utils.logging:   93: json_stats: {"cur_iter": "16", "eta": "7:00:54", "split": "test_iter", "time_diff": 104.791896}
[11/17 13:59:49][INFO] slowfast.utils.logging:   93: json_stats: {"cur_iter": "17", "eta": "8:37:11", "split": "test_iter", "time_diff": 129.298832}
[11/17 14:04:43][INFO] slowfast.utils.logging:   93: json_stats: {"cur_iter": "18", "eta": "19:31:53", "split": "test_iter", "time_diff": 294.198709}
[11/17 14:09:39][INFO] slowfast.utils.logging:   93: json_stats: {"cur_iter": "19", "eta": "19:32:34", "split": "test_iter", "time_diff": 295.606288}
[11/17 14:14:36][INFO] slowfast.utils.logging:   93: json_stats: {"cur_iter": "20", "eta": "19:34:42", "split": "test_iter", "time_diff": 297.395016}
[11/17 14:19:37][INFO] slowfast.utils.logging:   93: json_stats: {"cur_iter": "21", "eta": "19:42:24", "split": "test_iter", "time_diff": 300.613837}
[11/17 14:24:19][INFO] slowfast.utils.logging:   93: json_stats: {"cur_iter": "22", "eta": "18:24:55", "split": "test_iter", "time_diff": 282.106503}
[11/17 14:28:54][INFO] slowfast.utils.logging:   93: json_stats: {"cur_iter": "23", "eta": "17:52:15", "split": "test_iter", "time_diff": 274.938260}
[11/17 14:33:24][INFO] slowfast.utils.logging:   93: json_stats: {"cur_iter": "24", "eta": "17:28:03", "split": "test_iter", "time_diff": 269.885497}
[11/17 14:37:47][INFO] slowfast.utils.logging:   93: json_stats: {"cur_iter": "25", "eta": "16:59:02", "split": "test_iter", "time_diff": 263.547318}
[11/17 14:42:17][INFO] slowfast.utils.logging:   93: json_stats: {"cur_iter": "26", "eta": "17:18:45", "split": "test_iter", "time_diff": 269.806992}
[11/17 14:46:51][INFO] slowfast.utils.logging:   93: json_stats: {"cur_iter": "27", "eta": "17:29:58", "split": "test_iter", "time_diff": 273.905316}
[11/17 14:51:21][INFO] slowfast.utils.logging:   93: json_stats: {"cur_iter": "28", "eta": "17:11:37", "split": "test_iter", "time_diff": 270.295418}
[11/17 14:55:50][INFO] slowfast.utils.logging:   93: json_stats: {"cur_iter": "29", "eta": "17:00:15", "split": "test_iter", "time_diff": 268.488010}
[11/17 14:59:04][INFO] slowfast.utils.logging:   93: json_stats: {"cur_iter": "30", "eta": "12:16:55", "split": "test_iter", "time_diff": 194.782484}
[11/17 15:02:13][INFO] slowfast.utils.logging:   93: json_stats: {"cur_iter": "31", "eta": "11:51:43", "split": "test_iter", "time_diff": 188.954120}
[11/17 15:05:24][INFO] slowfast.utils.logging:   93: json_stats: {"cur_iter": "32", "eta": "11:55:08", "split": "test_iter", "time_diff": 190.702998}
[11/17 15:08:36][INFO] slowfast.utils.logging:   93: json_stats: {"cur_iter": "33", "eta": "11:55:19", "split": "test_iter", "time_diff": 191.604027}
[11/17 15:11:45][INFO] slowfast.utils.logging:   93: json_stats: {"cur_iter": "34", "eta": "11:43:40", "split": "test_iter", "time_diff": 189.329041}
[11/17 15:14:52][INFO] slowfast.utils.logging:   93: json_stats: {"cur_iter": "35", "eta": "11:30:20", "split": "test_iter", "time_diff": 186.577962}
[11/17 15:17:57][INFO] slowfast.utils.logging:   93: json_stats: {"cur_iter": "36", "eta": "11:23:31", "split": "test_iter", "time_diff": 185.571137}
[11/17 15:21:05][INFO] slowfast.utils.logging:   93: json_stats: {"cur_iter": "37", "eta": "11:28:11", "split": "test_iter", "time_diff": 187.690428}
[11/17 15:24:20][INFO] slowfast.utils.logging:   93: json_stats: {"cur_iter": "38", "eta": "11:52:06", "split": "test_iter", "time_diff": 195.096267}
[11/17 15:27:45][INFO] slowfast.utils.logging:   93: json_stats: {"cur_iter": "39", "eta": "12:24:42", "split": "test_iter", "time_diff": 204.963523}
[11/17 15:31:04][INFO] slowfast.utils.logging:   93: json_stats: {"cur_iter": "40", "eta": "12:00:45", "split": "test_iter", "time_diff": 199.288551}
[11/17 15:34:50][INFO] slowfast.utils.logging:   93: json_stats: {"cur_iter": "41", "eta": "13:33:51", "split": "test_iter", "time_diff": 226.073029}
[11/17 15:38:49][INFO] slowfast.utils.logging:   93: json_stats: {"cur_iter": "42", "eta": "14:16:32", "split": "test_iter", "time_diff": 239.032973}
[11/17 15:42:43][INFO] slowfast.utils.logging:   93: json_stats: {"cur_iter": "43", "eta": "13:53:41", "split": "test_iter", "time_diff": 233.743453}
[11/17 15:46:37][INFO] slowfast.utils.logging:   93: json_stats: {"cur_iter": "44", "eta": "13:50:03", "split": "test_iter", "time_diff": 233.820828}
[11/17 15:50:31][INFO] slowfast.utils.logging:   93: json_stats: {"cur_iter": "45", "eta": "13:47:53", "split": "test_iter", "time_diff": 234.307643}
[11/17 15:54:26][INFO] slowfast.utils.logging:   93: json_stats: {"cur_iter": "46", "eta": "13:46:11", "split": "test_iter", "time_diff": 234.935604}
[11/17 15:58:21][INFO] slowfast.utils.logging:   93: json_stats: {"cur_iter": "47", "eta": "13:41:26", "split": "test_iter", "time_diff": 234.699860}
[11/17 16:01:55][INFO] slowfast.utils.logging:   93: json_stats: {"cur_iter": "48", "eta": "12:26:18", "split": "test_iter", "time_diff": 214.250738}
[11/17 16:04:22][INFO] slowfast.utils.logging:   93: json_stats: {"cur_iter": "49", "eta": "8:27:50", "split": "test_iter", "time_diff": 146.492205}
[11/17 16:06:48][INFO] slowfast.utils.logging:   93: json_stats: {"cur_iter": "50", "eta": "8:24:52", "split": "test_iter", "time_diff": 146.340553}
[11/17 16:09:07][INFO] slowfast.utils.logging:   93: json_stats: {"cur_iter": "51", "eta": "7:58:17", "split": "test_iter", "time_diff": 139.305864}
[11/17 16:11:28][INFO] slowfast.utils.logging:   93: json_stats: {"cur_iter": "52", "eta": "8:01:33", "split": "test_iter", "time_diff": 140.942054}
[11/17 16:13:47][INFO] slowfast.utils.logging:   93: json_stats: {"cur_iter": "53", "eta": "7:50:07", "split": "test_iter", "time_diff": 138.271050}
[11/17 16:16:09][INFO] slowfast.utils.logging:   93: json_stats: {"cur_iter": "54", "eta": "8:00:14", "split": "test_iter", "time_diff": 141.943334}
[11/17 16:19:55][INFO] slowfast.utils.logging:   93: json_stats: {"cur_iter": "55", "eta": "12:44:08", "split": "test_iter", "time_diff": 226.975060}
[11/17 16:24:16][INFO] slowfast.utils.logging:   93: json_stats: {"cur_iter": "56", "eta": "14:33:41", "split": "test_iter", "time_diff": 260.803738}
[11/17 16:28:47][INFO] slowfast.utils.logging:   93: json_stats: {"cur_iter": "57", "eta": "15:02:44", "split": "test_iter", "time_diff": 270.821193}
[11/17 16:32:56][INFO] slowfast.utils.logging:   93: json_stats: {"cur_iter": "58", "eta": "13:45:51", "split": "test_iter", "time_diff": 249.004456}
[11/17 16:37:45][INFO] slowfast.utils.logging:   93: json_stats: {"cur_iter": "59", "eta": "15:53:06", "split": "test_iter", "time_diff": 288.818819}
[11/17 16:42:07][INFO] slowfast.utils.logging:   93: json_stats: {"cur_iter": "60", "eta": "14:19:40", "split": "test_iter", "time_diff": 261.831848}
[11/17 16:46:32][INFO] slowfast.utils.logging:   93: json_stats: {"cur_iter": "61", "eta": "14:26:35", "split": "test_iter", "time_diff": 265.281827}
[11/17 16:51:00][INFO] slowfast.utils.logging:   93: json_stats: {"cur_iter": "62", "eta": "14:31:27", "split": "test_iter", "time_diff": 268.142996}
[11/17 16:55:24][INFO] slowfast.utils.logging:   93: json_stats: {"cur_iter": "63", "eta": "14:13:12", "split": "test_iter", "time_diff": 263.876318}
[11/17 16:59:50][INFO] slowfast.utils.logging:   93: json_stats: {"cur_iter": "64", "eta": "14:15:15", "split": "test_iter", "time_diff": 265.880987}
[11/17 17:04:16][INFO] slowfast.utils.logging:   93: json_stats: {"cur_iter": "65", "eta": "14:10:13", "split": "test_iter", "time_diff": 265.696649}
[11/17 17:08:42][INFO] slowfast.utils.logging:   93: json_stats: {"cur_iter": "66", "eta": "14:08:27", "split": "test_iter", "time_diff": 266.533657}
[11/17 17:13:06][INFO] slowfast.utils.logging:   93: json_stats: {"cur_iter": "67", "eta": "13:54:33", "split": "test_iter", "time_diff": 263.543324}
[11/17 17:17:20][INFO] slowfast.utils.logging:   93: json_stats: {"cur_iter": "68", "eta": "13:19:32", "split": "test_iter", "time_diff": 253.820759}
[11/17 17:21:41][INFO] slowfast.utils.logging:   93: json_stats: {"cur_iter": "69", "eta": "13:38:37", "split": "test_iter", "time_diff": 261.260935}
[11/17 17:26:07][INFO] slowfast.utils.logging:   93: json_stats: {"cur_iter": "70", "eta": "13:48:42", "split": "test_iter", "time_diff": 265.897662}
[11/17 17:30:30][INFO] slowfast.utils.logging:   93: json_stats: {"cur_iter": "71", "eta": "13:35:28", "split": "test_iter", "time_diff": 263.058266}
[11/17 17:35:32][INFO] slowfast.utils.logging:   93: json_stats: {"cur_iter": "72", "eta": "15:31:23", "split": "test_iter", "time_diff": 302.073080}
[11/17 17:40:52][INFO] slowfast.utils.logging:   93: json_stats: {"cur_iter": "73", "eta": "16:21:31", "split": "test_iter", "time_diff": 320.062377}
[11/17 17:45:53][INFO] slowfast.utils.logging:   93: json_stats: {"cur_iter": "74", "eta": "15:17:09", "split": "test_iter", "time_diff": 300.705476}
[11/17 17:50:58][INFO] slowfast.utils.logging:   93: json_stats: {"cur_iter": "75", "eta": "15:25:57", "split": "test_iter", "time_diff": 305.260868}
[11/17 17:55:36][INFO] slowfast.utils.logging:   93: json_stats: {"cur_iter": "76", "eta": "13:57:45", "split": "test_iter", "time_diff": 277.709539}
[11/17 18:00:43][INFO] slowfast.utils.logging:   93: json_stats: {"cur_iter": "77", "eta": "15:21:22", "split": "test_iter", "time_diff": 307.122485}
[11/17 18:05:29][INFO] slowfast.utils.logging:   93: json_stats: {"cur_iter": "78", "eta": "14:13:49", "split": "test_iter", "time_diff": 286.200444}
[11/17 18:09:33][INFO] slowfast.utils.logging:   93: json_stats: {"cur_iter": "79", "eta": "12:03:53", "split": "test_iter", "time_diff": 244.010784}
[11/17 18:13:30][INFO] slowfast.utils.logging:   93: json_stats: {"cur_iter": "80", "eta": "11:40:32", "split": "test_iter", "time_diff": 237.474093}
[11/17 18:17:11][INFO] slowfast.utils.logging:   93: json_stats: {"cur_iter": "81", "eta": "10:45:40", "split": "test_iter", "time_diff": 220.118090}
[11/17 18:20:47][INFO] slowfast.utils.logging:   93: json_stats: {"cur_iter": "82", "eta": "10:31:24", "split": "test_iter", "time_diff": 216.483690}
[11/17 18:24:26][INFO] slowfast.utils.logging:   93: json_stats: {"cur_iter": "83", "eta": "10:33:48", "split": "test_iter", "time_diff": 218.554418}
[11/17 18:28:21][INFO] slowfast.utils.logging:   93: json_stats: {"cur_iter": "84", "eta": "11:18:45", "split": "test_iter", "time_diff": 235.404906}
[11/17 18:32:09][INFO] slowfast.utils.logging:   93: json_stats: {"cur_iter": "85", "eta": "10:54:14", "split": "test_iter", "time_diff": 228.223111}
[11/17 18:35:46][INFO] slowfast.utils.logging:   93: json_stats: {"cur_iter": "86", "eta": "10:18:14", "split": "test_iter", "time_diff": 216.928755}
[11/17 18:39:13][INFO] slowfast.utils.logging:   93: json_stats: {"cur_iter": "87", "eta": "9:44:36", "split": "test_iter", "time_diff": 206.331381}
[11/17 18:42:42][INFO] slowfast.utils.logging:   93: json_stats: {"cur_iter": "88", "eta": "9:50:08", "split": "test_iter", "time_diff": 209.515593}
[11/17 18:46:11][INFO] slowfast.utils.logging:   93: json_stats: {"cur_iter": "89", "eta": "9:45:47", "split": "test_iter", "time_diff": 209.209798}
[11/17 18:49:42][INFO] slowfast.utils.logging:   93: json_stats: {"cur_iter": "90", "eta": "9:47:02", "split": "test_iter", "time_diff": 210.913166}
[11/17 18:53:14][INFO] slowfast.utils.logging:   93: json_stats: {"cur_iter": "91", "eta": "9:46:50", "split": "test_iter", "time_diff": 212.113752}
[11/17 18:56:46][INFO] slowfast.utils.logging:   93: json_stats: {"cur_iter": "92", "eta": "9:42:51", "split": "test_iter", "time_diff": 211.945659}
[11/17 19:00:19][INFO] slowfast.utils.logging:   93: json_stats: {"cur_iter": "93", "eta": "9:41:04", "split": "test_iter", "time_diff": 212.591135}
[11/17 19:03:54][INFO] slowfast.utils.logging:   93: json_stats: {"cur_iter": "94", "eta": "9:43:15", "split": "test_iter", "time_diff": 214.697471}
[11/17 19:07:33][INFO] slowfast.utils.logging:   93: json_stats: {"cur_iter": "95", "eta": "9:52:00", "split": "test_iter", "time_diff": 219.261092}
[11/17 19:11:15][INFO] slowfast.utils.logging:   93: json_stats: {"cur_iter": "96", "eta": "9:57:00", "split": "test_iter", "time_diff": 222.484684}
[11/17 19:15:03][INFO] slowfast.utils.logging:   93: json_stats: {"cur_iter": "97", "eta": "10:08:01", "split": "test_iter", "time_diff": 228.012270}
[11/17 19:17:53][INFO] slowfast.utils.logging:   93: json_stats: {"cur_iter": "98", "eta": "7:29:19", "split": "test_iter", "time_diff": 169.554128}
[11/17 19:19:39][INFO] slowfast.utils.logging:   93: json_stats: {"cur_iter": "99", "eta": "4:40:03", "split": "test_iter", "time_diff": 106.353668}
[11/17 19:21:28][INFO] slowfast.utils.logging:   93: json_stats: {"cur_iter": "100", "eta": "4:43:58", "split": "test_iter", "time_diff": 108.525173}
[11/17 19:25:27][INFO] slowfast.utils.logging:   93: json_stats: {"cur_iter": "101", "eta": "10:22:38", "split": "test_iter", "time_diff": 239.477679}
[11/17 19:28:17][INFO] slowfast.utils.logging:   93: json_stats: {"cur_iter": "102", "eta": "7:18:39", "split": "test_iter", "time_diff": 169.801283}
[11/17 19:33:23][INFO] slowfast.utils.logging:   93: json_stats: {"cur_iter": "103", "eta": "13:04:29", "split": "test_iter", "time_diff": 305.643888}
[11/17 19:38:47][INFO] slowfast.utils.logging:   93: json_stats: {"cur_iter": "104", "eta": "13:45:57", "split": "test_iter", "time_diff": 323.908202}
[11/17 19:40:55][INFO] slowfast.utils.logging:   93: json_stats: {"cur_iter": "105", "eta": "5:25:00", "split": "test_iter", "time_diff": 128.290115}
[11/17 19:43:58][INFO] slowfast.utils.logging:   93: json_stats: {"cur_iter": "106", "eta": "7:41:42", "split": "test_iter", "time_diff": 183.458846}
[11/17 19:47:02][INFO] slowfast.utils.logging:   93: json_stats: {"cur_iter": "107", "eta": "7:38:14", "split": "test_iter", "time_diff": 183.293483}
[11/17 19:50:01][INFO] slowfast.utils.logging:   93: json_stats: {"cur_iter": "108", "eta": "7:25:47", "split": "test_iter", "time_diff": 179.511591}
[11/17 19:53:03][INFO] slowfast.utils.logging:   93: json_stats: {"cur_iter": "109", "eta": "7:28:41", "split": "test_iter", "time_diff": 181.901364}
[11/17 19:56:01][INFO] slowfast.utils.logging:   93: json_stats: {"cur_iter": "110", "eta": "7:14:38", "split": "test_iter", "time_diff": 177.407477}
[11/17 19:59:00][INFO] slowfast.utils.logging:   93: json_stats: {"cur_iter": "111", "eta": "7:17:33", "split": "test_iter", "time_diff": 179.819898}
[11/17 20:01:59][INFO] slowfast.utils.logging:   93: json_stats: {"cur_iter": "112", "eta": "7:12:46", "split": "test_iter", "time_diff": 179.082608}
[11/17 20:05:05][INFO] slowfast.utils.logging:   93: json_stats: {"cur_iter": "113", "eta": "7:24:50", "split": "test_iter", "time_diff": 185.350164}
[11/17 20:08:42][INFO] slowfast.utils.logging:   93: json_stats: {"cur_iter": "114", "eta": "8:37:24", "split": "test_iter", "time_diff": 217.092312}
[11/17 20:12:29][INFO] slowfast.utils.logging:   93: json_stats: {"cur_iter": "115", "eta": "8:57:34", "split": "test_iter", "time_diff": 227.141489}
[11/17 20:15:34][INFO] slowfast.utils.logging:   93: json_stats: {"cur_iter": "116", "eta": "7:13:37", "split": "test_iter", "time_diff": 184.519656}
[11/17 20:17:34][INFO] slowfast.utils.logging:   93: json_stats: {"cur_iter": "117", "eta": "4:41:25", "split": "test_iter", "time_diff": 120.611039}
[11/17 20:19:32][INFO] slowfast.utils.logging:   93: json_stats: {"cur_iter": "118", "eta": "4:33:58", "split": "test_iter", "time_diff": 118.260106}
[11/17 20:23:29][INFO] slowfast.utils.logging:   93: json_stats: {"cur_iter": "119", "eta": "9:03:48", "split": "test_iter", "time_diff": 236.438295}
[11/17 20:28:11][INFO] slowfast.utils.logging:   93: json_stats: {"cur_iter": "120", "eta": "10:44:20", "split": "test_iter", "time_diff": 282.193083}
[11/17 20:30:24][INFO] slowfast.utils.logging:   93: json_stats: {"cur_iter": "121", "eta": "5:01:09", "split": "test_iter", "time_diff": 132.867174}
[11/17 20:33:21][INFO] slowfast.utils.logging:   93: json_stats: {"cur_iter": "122", "eta": "6:38:51", "split": "test_iter", "time_diff": 177.273439}
[11/17 20:36:24][INFO] slowfast.utils.logging:   93: json_stats: {"cur_iter": "123", "eta": "6:47:55", "split": "test_iter", "time_diff": 182.653838}
[11/17 20:39:28][INFO] slowfast.utils.logging:   93: json_stats: {"cur_iter": "124", "eta": "6:47:27", "split": "test_iter", "time_diff": 183.814933}
[11/17 20:42:31][INFO] slowfast.utils.logging:   93: json_stats: {"cur_iter": "125", "eta": "6:43:31", "split": "test_iter", "time_diff": 183.420933}
[11/17 20:45:34][INFO] slowfast.utils.logging:   93: json_stats: {"cur_iter": "126", "eta": "6:39:43", "split": "test_iter", "time_diff": 183.082654}
[11/17 20:48:50][INFO] slowfast.utils.logging:   93: json_stats: {"cur_iter": "127", "eta": "7:03:41", "split": "test_iter", "time_diff": 195.546729}
[11/17 20:52:49][INFO] slowfast.utils.logging:   93: json_stats: {"cur_iter": "128", "eta": "8:34:04", "split": "test_iter", "time_diff": 239.104899}
[11/17 20:57:19][INFO] slowfast.utils.logging:   93: json_stats: {"cur_iter": "129", "eta": "9:36:39", "split": "test_iter", "time_diff": 270.308468}
[11/17 21:01:49][INFO] slowfast.utils.logging:   93: json_stats: {"cur_iter": "130", "eta": "9:31:21", "split": "test_iter", "time_diff": 269.933252}
[11/17 21:06:25][INFO] slowfast.utils.logging:   93: json_stats: {"cur_iter": "131", "eta": "9:40:00", "split": "test_iter", "time_diff": 276.192836}
[11/17 21:10:58][INFO] slowfast.utils.logging:   93: json_stats: {"cur_iter": "132", "eta": "9:28:03", "split": "test_iter", "time_diff": 272.668913}
[11/17 21:15:26][INFO] slowfast.utils.logging:   93: json_stats: {"cur_iter": "133", "eta": "9:13:14", "split": "test_iter", "time_diff": 267.701499}
[11/17 21:18:21][INFO] slowfast.utils.logging:   93: json_stats: {"cur_iter": "134", "eta": "6:00:02", "split": "test_iter", "time_diff": 175.632495}
[11/17 21:22:42][INFO] slowfast.utils.logging:   93: json_stats: {"cur_iter": "135", "eta": "8:49:42", "split": "test_iter", "time_diff": 260.509345}
[11/17 21:27:21][INFO] slowfast.utils.logging:   93: json_stats: {"cur_iter": "136", "eta": "9:23:58", "split": "test_iter", "time_diff": 279.656607}
[11/17 21:35:47][INFO] slowfast.utils.logging:   93: json_stats: {"cur_iter": "137", "eta": "16:51:04", "split": "test_iter", "time_diff": 505.539170}
[11/17 21:44:17][INFO] slowfast.utils.logging:   93: json_stats: {"cur_iter": "138", "eta": "16:52:25", "split": "test_iter", "time_diff": 510.466385}
[11/17 21:52:55][INFO] slowfast.utils.logging:   93: json_stats: {"cur_iter": "139", "eta": "16:57:23", "split": "test_iter", "time_diff": 517.318703}
[11/17 22:00:54][INFO] slowfast.utils.logging:   93: json_stats: {"cur_iter": "140", "eta": "15:34:10", "split": "test_iter", "time_diff": 479.061599}
[11/17 22:09:32][INFO] slowfast.utils.logging:   93: json_stats: {"cur_iter": "141", "eta": "16:41:25", "split": "test_iter", "time_diff": 517.979090}
[11/17 22:18:13][INFO] slowfast.utils.logging:   93: json_stats: {"cur_iter": "142", "eta": "16:39:12", "split": "test_iter", "time_diff": 521.327307}
[11/17 22:26:53][INFO] slowfast.utils.logging:   93: json_stats: {"cur_iter": "143", "eta": "16:27:25", "split": "test_iter", "time_diff": 519.694433}
[11/17 22:35:31][INFO] slowfast.utils.logging:   93: json_stats: {"cur_iter": "144", "eta": "16:16:29", "split": "test_iter", "time_diff": 518.494095}
[11/17 22:43:23][INFO] slowfast.utils.logging:   93: json_stats: {"cur_iter": "145", "eta": "14:40:30", "split": "test_iter", "time_diff": 471.699986}
[11/17 22:50:57][INFO] slowfast.utils.logging:   93: json_stats: {"cur_iter": "146", "eta": "13:58:47", "split": "test_iter", "time_diff": 453.398461}
[11/17 22:58:27][INFO] slowfast.utils.logging:   93: json_stats: {"cur_iter": "147", "eta": "13:46:13", "split": "test_iter", "time_diff": 450.670728}
[11/17 23:05:51][INFO] slowfast.utils.logging:   93: json_stats: {"cur_iter": "148", "eta": "13:25:55", "split": "test_iter", "time_diff": 443.626751}
[11/17 23:13:17][INFO] slowfast.utils.logging:   93: json_stats: {"cur_iter": "149", "eta": "13:22:58", "split": "test_iter", "time_diff": 446.097196}
[11/17 23:24:27][INFO] slowfast.utils.logging:   93: json_stats: {"cur_iter": "150", "eta": "19:54:06", "split": "test_iter", "time_diff": 669.590591}
[11/17 23:31:51][INFO] slowfast.utils.logging:   93: json_stats: {"cur_iter": "151", "eta": "13:04:53", "split": "test_iter", "time_diff": 444.281284}
[11/17 23:44:32][INFO] slowfast.utils.logging:   93: json_stats: {"cur_iter": "152", "eta": "22:11:54", "split": "test_iter", "time_diff": 761.093746}
[11/17 23:52:30][INFO] slowfast.utils.logging:   93: json_stats: {"cur_iter": "153", "eta": "13:48:13", "split": "test_iter", "time_diff": 477.819167}
[11/17 23:59:25][INFO] slowfast.utils.logging:   93: json_stats: {"cur_iter": "154", "eta": "11:53:31", "split": "test_iter", "time_diff": 415.646417}
[11/18 00:05:00][INFO] slowfast.utils.logging:   93: json_stats: {"cur_iter": "155", "eta": "9:29:13", "split": "test_iter", "time_diff": 334.842154}
[11/18 00:08:39][INFO] slowfast.utils.logging:   93: json_stats: {"cur_iter": "156", "eta": "6:07:37", "split": "test_iter", "time_diff": 218.387365}
[11/18 00:12:59][INFO] slowfast.utils.logging:   93: json_stats: {"cur_iter": "157", "eta": "7:14:37", "split": "test_iter", "time_diff": 260.777649}
[11/18 00:16:26][INFO] slowfast.utils.logging:   93: json_stats: {"cur_iter": "158", "eta": "5:41:29", "split": "test_iter", "time_diff": 206.961005}
[11/18 00:20:02][INFO] slowfast.utils.logging:   93: json_stats: {"cur_iter": "159", "eta": "5:52:03", "split": "test_iter", "time_diff": 215.541382}
[11/18 00:28:30][INFO] slowfast.utils.logging:   93: json_stats: {"cur_iter": "160", "eta": "13:40:50", "split": "test_iter", "time_diff": 507.735492}
[11/18 00:37:19][INFO] slowfast.utils.logging:   93: json_stats: {"cur_iter": "161", "eta": "14:06:40", "split": "test_iter", "time_diff": 529.174789}
[11/18 00:43:11][INFO] slowfast.utils.logging:   93: json_stats: {"cur_iter": "162", "eta": "9:17:17", "split": "test_iter", "time_diff": 351.978020}
[11/18 01:00:15][INFO] slowfast.utils.logging:   93: json_stats: {"cur_iter": "163", "eta": "1 day, 2:44:16", "split": "test_iter", "time_diff": 1024.009186}
[11/18 01:08:31][INFO] slowfast.utils.logging:   93: json_stats: {"cur_iter": "164", "eta": "12:48:36", "split": "test_iter", "time_diff": 495.875558}
[11/18 01:11:27][INFO] slowfast.utils.logging:   93: json_stats: {"cur_iter": "165", "eta": "4:30:18", "split": "test_iter", "time_diff": 176.292907}
[11/18 01:16:52][INFO] slowfast.utils.logging:   93: json_stats: {"cur_iter": "166", "eta": "8:12:10", "split": "test_iter", "time_diff": 324.506963}
[11/18 01:24:00][INFO] slowfast.utils.logging:   93: json_stats: {"cur_iter": "167", "eta": "10:43:16", "split": "test_iter", "time_diff": 428.847555}
[11/18 01:29:05][INFO] slowfast.utils.logging:   93: json_stats: {"cur_iter": "168", "eta": "7:31:19", "split": "test_iter", "time_diff": 304.262608}
[11/18 01:36:52][INFO] slowfast.utils.logging:   93: json_stats: {"cur_iter": "169", "eta": "11:24:59", "split": "test_iter", "time_diff": 467.040162}
[11/18 01:51:14][INFO] slowfast.utils.logging:   93: json_stats: {"cur_iter": "170", "eta": "20:50:10", "split": "test_iter", "time_diff": 862.185576}
[11/18 01:55:14][INFO] slowfast.utils.logging:   93: json_stats: {"cur_iter": "171", "eta": "5:43:29", "split": "test_iter", "time_diff": 239.648296}
[11/18 01:59:48][INFO] slowfast.utils.logging:   93: json_stats: {"cur_iter": "172", "eta": "6:28:27", "split": "test_iter", "time_diff": 274.205843}
[11/18 02:03:40][INFO] slowfast.utils.logging:   93: json_stats: {"cur_iter": "173", "eta": "5:24:43", "split": "test_iter", "time_diff": 231.941569}
[11/18 02:07:41][INFO] slowfast.utils.logging:   93: json_stats: {"cur_iter": "174", "eta": "5:33:38", "split": "test_iter", "time_diff": 241.189004}
[11/18 02:14:01][INFO] slowfast.utils.logging:   93: json_stats: {"cur_iter": "175", "eta": "8:39:25", "split": "test_iter", "time_diff": 380.071786}
[11/18 02:21:31][INFO] slowfast.utils.logging:   93: json_stats: {"cur_iter": "176", "eta": "10:06:55", "split": "test_iter", "time_diff": 449.577933}
[11/18 02:25:31][INFO] slowfast.utils.logging:   93: json_stats: {"cur_iter": "177", "eta": "5:20:32", "split": "test_iter", "time_diff": 240.401969}
[11/18 02:30:08][INFO] slowfast.utils.logging:   93: json_stats: {"cur_iter": "178", "eta": "6:04:32", "split": "test_iter", "time_diff": 276.873362}
[11/18 02:37:02][INFO] slowfast.utils.logging:   93: json_stats: {"cur_iter": "179", "eta": "8:58:27", "split": "test_iter", "time_diff": 414.198194}
[11/18 02:40:28][INFO] slowfast.utils.logging:   93: json_stats: {"cur_iter": "180", "eta": "4:24:53", "split": "test_iter", "time_diff": 206.409872}
[11/18 02:46:25][INFO] slowfast.utils.logging:   93: json_stats: {"cur_iter": "181", "eta": "7:31:04", "split": "test_iter", "time_diff": 356.107864}
[11/18 02:50:15][INFO] slowfast.utils.logging:   93: json_stats: {"cur_iter": "182", "eta": "4:48:12", "split": "test_iter", "time_diff": 230.562408}
[11/18 02:52:45][INFO] slowfast.utils.logging:   93: json_stats: {"cur_iter": "183", "eta": "3:04:54", "split": "test_iter", "time_diff": 149.920880}
[11/18 02:56:55][INFO] slowfast.utils.logging:   93: json_stats: {"cur_iter": "184", "eta": "5:04:06", "split": "test_iter", "time_diff": 249.953101}
[11/18 03:02:08][INFO] slowfast.utils.logging:   93: json_stats: {"cur_iter": "185", "eta": "6:15:54", "split": "test_iter", "time_diff": 313.260584}
[11/18 03:07:30][INFO] slowfast.utils.logging:   93: json_stats: {"cur_iter": "186", "eta": "6:21:18", "split": "test_iter", "time_diff": 322.234390}
[11/18 03:11:46][INFO] slowfast.utils.logging:   93: json_stats: {"cur_iter": "187", "eta": "4:58:02", "split": "test_iter", "time_diff": 255.468075}
[11/18 03:16:33][INFO] slowfast.utils.logging:   93: json_stats: {"cur_iter": "188", "eta": "5:29:49", "split": "test_iter", "time_diff": 286.800652}
[11/18 03:22:12][INFO] slowfast.utils.logging:   93: json_stats: {"cur_iter": "189", "eta": "6:24:21", "split": "test_iter", "time_diff": 339.146229}
[11/18 03:25:49][INFO] slowfast.utils.logging:   93: json_stats: {"cur_iter": "190", "eta": "4:02:22", "split": "test_iter", "time_diff": 217.047396}
[11/18 03:28:42][INFO] slowfast.utils.logging:   93: json_stats: {"cur_iter": "191", "eta": "3:10:42", "split": "test_iter", "time_diff": 173.375516}
[11/18 03:35:32][INFO] slowfast.utils.logging:   93: json_stats: {"cur_iter": "192", "eta": "7:23:36", "split": "test_iter", "time_diff": 409.479871}
[11/18 03:40:30][INFO] slowfast.utils.logging:   93: json_stats: {"cur_iter": "193", "eta": "5:17:48", "split": "test_iter", "time_diff": 297.937823}
[11/18 03:45:39][INFO] slowfast.utils.logging:   93: json_stats: {"cur_iter": "194", "eta": "5:24:27", "split": "test_iter", "time_diff": 309.005561}
[11/18 03:49:47][INFO] slowfast.utils.logging:   93: json_stats: {"cur_iter": "195", "eta": "4:16:00", "split": "test_iter", "time_diff": 247.751996}
[11/18 03:53:51][INFO] slowfast.utils.logging:   93: json_stats: {"cur_iter": "196", "eta": "4:08:45", "split": "test_iter", "time_diff": 244.683183}
[11/18 03:58:25][INFO] slowfast.utils.logging:   93: json_stats: {"cur_iter": "197", "eta": "4:33:51", "split": "test_iter", "time_diff": 273.853824}
[11/18 04:04:34][INFO] slowfast.utils.logging:   93: json_stats: {"cur_iter": "198", "eta": "6:03:10", "split": "test_iter", "time_diff": 369.324387}
[11/18 04:09:29][INFO] slowfast.utils.logging:   93: json_stats: {"cur_iter": "199", "eta": "4:44:27", "split": "test_iter", "time_diff": 294.270952}
[11/18 04:16:18][INFO] slowfast.utils.logging:   93: json_stats: {"cur_iter": "200", "eta": "6:28:57", "split": "test_iter", "time_diff": 409.434983}
[11/18 04:20:02][INFO] slowfast.utils.logging:   93: json_stats: {"cur_iter": "201", "eta": "3:28:59", "split": "test_iter", "time_diff": 223.923503}
[11/18 04:23:42][INFO] slowfast.utils.logging:   93: json_stats: {"cur_iter": "202", "eta": "3:21:34", "split": "test_iter", "time_diff": 219.904543}
[11/18 04:31:11][INFO] slowfast.utils.logging:   93: json_stats: {"cur_iter": "203", "eta": "6:44:33", "split": "test_iter", "time_diff": 449.508075}
[11/18 04:36:48][INFO] slowfast.utils.logging:   93: json_stats: {"cur_iter": "204", "eta": "4:56:53", "split": "test_iter", "time_diff": 336.111032}
[11/18 04:47:54][INFO] slowfast.utils.logging:   93: json_stats: {"cur_iter": "205", "eta": "9:37:20", "split": "test_iter", "time_diff": 666.167648}
[11/18 04:55:35][INFO] slowfast.utils.logging:   93: json_stats: {"cur_iter": "206", "eta": "6:32:25", "split": "test_iter", "time_diff": 461.676254}
[11/18 04:59:18][INFO] slowfast.utils.logging:   93: json_stats: {"cur_iter": "207", "eta": "3:05:15", "split": "test_iter", "time_diff": 222.302389}
[11/18 05:05:49][INFO] slowfast.utils.logging:   93: json_stats: {"cur_iter": "208", "eta": "5:19:35", "split": "test_iter", "time_diff": 391.334927}
[11/18 05:13:18][INFO] slowfast.utils.logging:   93: json_stats: {"cur_iter": "209", "eta": "5:58:48", "split": "test_iter", "time_diff": 448.519664}
[11/18 05:20:33][INFO] slowfast.utils.logging:   93: json_stats: {"cur_iter": "210", "eta": "5:41:20", "split": "test_iter", "time_diff": 435.748908}
[11/18 05:27:46][INFO] slowfast.utils.logging:   93: json_stats: {"cur_iter": "211", "eta": "5:31:32", "split": "test_iter", "time_diff": 432.443960}
[11/18 05:35:51][INFO] slowfast.utils.logging:   93: json_stats: {"cur_iter": "212", "eta": "6:03:53", "split": "test_iter", "time_diff": 485.185449}
[11/18 05:44:46][INFO] slowfast.utils.logging:   93: json_stats: {"cur_iter": "213", "eta": "6:32:37", "split": "test_iter", "time_diff": 535.395205}
[11/18 05:53:36][INFO] slowfast.utils.logging:   93: json_stats: {"cur_iter": "214", "eta": "6:19:31", "split": "test_iter", "time_diff": 529.558375}
[11/18 06:02:20][INFO] slowfast.utils.logging:   93: json_stats: {"cur_iter": "215", "eta": "6:06:31", "split": "test_iter", "time_diff": 523.614484}
[11/18 06:10:37][INFO] slowfast.utils.logging:   93: json_stats: {"cur_iter": "216", "eta": "5:39:56", "split": "test_iter", "time_diff": 497.471170}
[11/18 06:18:39][INFO] slowfast.utils.logging:   93: json_stats: {"cur_iter": "217", "eta": "5:21:28", "split": "test_iter", "time_diff": 482.207888}
[11/18 06:32:00][INFO] slowfast.utils.logging:   93: json_stats: {"cur_iter": "218", "eta": "8:40:37", "split": "test_iter", "time_diff": 800.972406}
[11/18 06:45:01][INFO] slowfast.utils.logging:   93: json_stats: {"cur_iter": "219", "eta": "8:14:46", "split": "test_iter", "time_diff": 781.234026}
[11/18 06:53:29][INFO] slowfast.utils.logging:   93: json_stats: {"cur_iter": "220", "eta": "5:12:55", "split": "test_iter", "time_diff": 507.439986}
[11/18 07:00:57][INFO] slowfast.utils.logging:   93: json_stats: {"cur_iter": "221", "eta": "4:29:07", "split": "test_iter", "time_diff": 448.547565}
[11/18 07:08:10][INFO] slowfast.utils.logging:   93: json_stats: {"cur_iter": "222", "eta": "4:12:27", "split": "test_iter", "time_diff": 432.796314}
[11/18 07:16:32][INFO] slowfast.utils.logging:   93: json_stats: {"cur_iter": "223", "eta": "4:44:16", "split": "test_iter", "time_diff": 501.661035}
[11/18 07:24:06][INFO] slowfast.utils.logging:   93: json_stats: {"cur_iter": "224", "eta": "4:09:41", "split": "test_iter", "time_diff": 453.995763}
[11/18 07:31:38][INFO] slowfast.utils.logging:   93: json_stats: {"cur_iter": "225", "eta": "4:01:14", "split": "test_iter", "time_diff": 452.335322}
[11/18 07:41:11][INFO] slowfast.utils.logging:   93: json_stats: {"cur_iter": "226", "eta": "4:55:42", "split": "test_iter", "time_diff": 572.352066}
[11/18 07:49:00][INFO] slowfast.utils.logging:   93: json_stats: {"cur_iter": "227", "eta": "3:54:30", "split": "test_iter", "time_diff": 469.015597}
[11/18 07:55:58][INFO] slowfast.utils.logging:   93: json_stats: {"cur_iter": "228", "eta": "3:21:57", "split": "test_iter", "time_diff": 417.854930}
[11/18 08:04:28][INFO] slowfast.utils.logging:   93: json_stats: {"cur_iter": "229", "eta": "3:58:17", "split": "test_iter", "time_diff": 510.611461}
[11/18 08:12:56][INFO] slowfast.utils.logging:   93: json_stats: {"cur_iter": "230", "eta": "3:48:34", "split": "test_iter", "time_diff": 507.942096}
[11/18 08:21:19][INFO] slowfast.utils.logging:   93: json_stats: {"cur_iter": "231", "eta": "3:37:47", "split": "test_iter", "time_diff": 502.583810}
[11/18 08:29:20][INFO] slowfast.utils.logging:   93: json_stats: {"cur_iter": "232", "eta": "3:20:39", "split": "test_iter", "time_diff": 481.582744}
[11/18 08:37:32][INFO] slowfast.utils.logging:   93: json_stats: {"cur_iter": "233", "eta": "3:16:42", "split": "test_iter", "time_diff": 491.780234}
[11/18 08:45:34][INFO] slowfast.utils.logging:   93: json_stats: {"cur_iter": "234", "eta": "3:04:52", "split": "test_iter", "time_diff": 482.284374}
[11/18 08:52:56][INFO] slowfast.utils.logging:   93: json_stats: {"cur_iter": "235", "eta": "2:41:49", "split": "test_iter", "time_diff": 441.343649}
[11/18 09:00:58][INFO] slowfast.utils.logging:   93: json_stats: {"cur_iter": "236", "eta": "2:48:45", "split": "test_iter", "time_diff": 482.162757}
[11/18 09:08:35][INFO] slowfast.utils.logging:   93: json_stats: {"cur_iter": "237", "eta": "2:32:29", "split": "test_iter", "time_diff": 457.460271}
[11/18 09:15:47][INFO] slowfast.utils.logging:   93: json_stats: {"cur_iter": "238", "eta": "2:16:33", "split": "test_iter", "time_diff": 431.262421}
[11/18 09:23:01][INFO] slowfast.utils.logging:   93: json_stats: {"cur_iter": "239", "eta": "2:10:12", "split": "test_iter", "time_diff": 434.013949}
[11/18 09:30:23][INFO] slowfast.utils.logging:   93: json_stats: {"cur_iter": "240", "eta": "2:05:26", "split": "test_iter", "time_diff": 442.716766}
[11/18 09:38:16][INFO] slowfast.utils.logging:   93: json_stats: {"cur_iter": "241", "eta": "2:06:08", "split": "test_iter", "time_diff": 473.008013}
[11/18 09:46:49][INFO] slowfast.utils.logging:   93: json_stats: {"cur_iter": "242", "eta": "2:08:13", "split": "test_iter", "time_diff": 512.893145}
[11/18 09:57:50][INFO] slowfast.utils.logging:   93: json_stats: {"cur_iter": "243", "eta": "2:34:11", "split": "test_iter", "time_diff": 660.828248}
[11/18 10:04:37][INFO] slowfast.utils.logging:   93: json_stats: {"cur_iter": "244", "eta": "1:28:07", "split": "test_iter", "time_diff": 406.710541}
[11/18 10:14:32][INFO] slowfast.utils.logging:   93: json_stats: {"cur_iter": "245", "eta": "1:59:02", "split": "test_iter", "time_diff": 595.195459}
[11/18 10:26:47][INFO] slowfast.utils.logging:   93: json_stats: {"cur_iter": "246", "eta": "2:14:47", "split": "test_iter", "time_diff": 735.250245}
[11/18 10:37:04][INFO] slowfast.utils.logging:   93: json_stats: {"cur_iter": "247", "eta": "1:42:43", "split": "test_iter", "time_diff": 616.323237}
[11/18 10:44:06][INFO] slowfast.utils.logging:   93: json_stats: {"cur_iter": "248", "eta": "1:03:18", "split": "test_iter", "time_diff": 422.098055}
[11/18 10:51:44][INFO] slowfast.utils.logging:   93: json_stats: {"cur_iter": "249", "eta": "1:01:08", "split": "test_iter", "time_diff": 458.592784}
[11/18 10:58:01][INFO] slowfast.utils.logging:   93: json_stats: {"cur_iter": "250", "eta": "0:43:54", "split": "test_iter", "time_diff": 376.374139}
[11/18 11:02:52][INFO] slowfast.utils.logging:   93: json_stats: {"cur_iter": "251", "eta": "0:29:09", "split": "test_iter", "time_diff": 291.625736}
[11/18 11:11:43][INFO] slowfast.utils.logging:   93: json_stats: {"cur_iter": "252", "eta": "0:44:14", "split": "test_iter", "time_diff": 530.861694}
[11/18 11:22:04][INFO] slowfast.utils.logging:   93: json_stats: {"cur_iter": "253", "eta": "0:41:22", "split": "test_iter", "time_diff": 620.727690}
[11/18 11:30:46][INFO] slowfast.datasets.kinetics:  385: Failed to load video3 from /public/home/zhouz/perl5/dataset/crime/Stealing/stealing212.mp4 with error [Errno 5] Input/output error: '/public/home/zhouz/perl5/dataset/crime/Stealing/stealing212.mp4'
[11/18 11:35:53][WARNING] slowfast.datasets.kinetics:  392: Failed to meta load video3 idx 8130 from /public/home/zhouz/perl5/dataset/crime/Stealing/stealing212.mp4; trial 0
--- Logging error ---
Traceback (most recent call last):
  File "/public/home/zhouz/perl5/HAR/slowfast/datasets/kinetics.py", line 380, in __getitem__
  File "/public/home/zhouz/perl5/HAR/slowfast/datasets/video_container.py", line 23, in get_video_container
  File "av/container/core.pyx", line 355, in av.container.core.open
  File "av/container/core.pyx", line 226, in av.container.core.Container.__cinit__
  File "av/container/core.pyx", line 258, in av.container.core.Container.err_check
  File "av/error.pyx", line 336, in av.error.err_check
av.error.OSError: [Errno 5] Input/output error: '/public/home/zhouz/perl5/dataset/crime/Stealing/stealing212.mp4'

During handling of the above exception, another exception occurred:

Traceback (most recent call last):
  File "/public/home/zhouz/.conda/envs/slowfast/lib/python3.6/logging/__init__.py", line 996, in emit
  File "/public/home/zhouz/.conda/envs/slowfast/lib/python3.6/logging/__init__.py", line 976, in flush
OSError: [Errno 5] Input/output error
Call stack:
  File "tools/run_net.py", line 45, in <module>
    main()
  File "tools/run_net.py", line 30, in main
    launch_job(cfg=cfg, init_method=args.init_method, func=test)
  File "/public/home/zhouz/perl5/HAR/slowfast/utils/misc.py", line 324, in launch_job
  File "/public/home/zhouz/perl5/HAR/tools/test_net.py", line 216, in test
  File "/public/home/zhouz/.conda/envs/slowfast/lib/python3.6/site-packages/torch/autograd/grad_mode.py", line 26, in decorate_context
  File "/public/home/zhouz/perl5/HAR/tools/test_net.py", line 49, in perform_test
  File "/public/home/zhouz/.conda/envs/slowfast/lib/python3.6/site-packages/torch/utils/data/dataloader.py", line 435, in __next__
  File "/public/home/zhouz/.conda/envs/slowfast/lib/python3.6/site-packages/torch/utils/data/dataloader.py", line 475, in _next_data
  File "/public/home/zhouz/.conda/envs/slowfast/lib/python3.6/site-packages/torch/utils/data/_utils/fetch.py", line 44, in fetch
  File "/public/home/zhouz/.conda/envs/slowfast/lib/python3.6/site-packages/torch/utils/data/_utils/fetch.py", line 44, in <listcomp>
  File "/public/home/zhouz/perl5/HAR/slowfast/datasets/kinetics.py", line 385, in __getitem__
Message: "Failed to load video3 from /public/home/zhouz/perl5/dataset/crime/Stealing/stealing212.mp4 with error [Errno 5] Input/output error: '/public/home/zhouz/perl5/dataset/crime/Stealing/stealing212.mp4'"
Arguments: ()
--- Logging error ---
Traceback (most recent call last):
  File "/public/home/zhouz/perl5/HAR/slowfast/datasets/kinetics.py", line 380, in __getitem__
    self.cfg.DATA.DECODING_BACKEND,
  File "/public/home/zhouz/perl5/HAR/slowfast/datasets/video_container.py", line 23, in get_video_container
    container = av.open(path_to_vid)
  File "av/container/core.pyx", line 355, in av.container.core.open
  File "av/container/core.pyx", line 226, in av.container.core.Container.__cinit__
  File "av/container/core.pyx", line 258, in av.container.core.Container.err_check
  File "av/error.pyx", line 336, in av.error.err_check
av.error.OSError: [Errno 5] Input/output error: '/public/home/zhouz/perl5/dataset/crime/Stealing/stealing212.mp4'

During handling of the above exception, another exception occurred:

Traceback (most recent call last):
  File "/public/home/zhouz/.conda/envs/slowfast/lib/python3.6/logging/__init__.py", line 996, in emit
    self.flush()
  File "/public/home/zhouz/.conda/envs/slowfast/lib/python3.6/logging/__init__.py", line 976, in flush
    self.stream.flush()
OSError: [Errno 5] Input/output error
Call stack:
  File "tools/run_net.py", line 45, in <module>
    main()
  File "tools/run_net.py", line 30, in main
    launch_job(cfg=cfg, init_method=args.init_method, func=test)
  File "/public/home/zhouz/perl5/HAR/slowfast/utils/misc.py", line 324, in launch_job
    func(cfg=cfg)
  File "/public/home/zhouz/perl5/HAR/tools/test_net.py", line 216, in test
    perform_test(test_loader, model, test_meter, cfg, writer)
  File "/public/home/zhouz/.conda/envs/slowfast/lib/python3.6/site-packages/torch/autograd/grad_mode.py", line 26, in decorate_context
    return func(*args, **kwargs)
  File "/public/home/zhouz/perl5/HAR/tools/test_net.py", line 49, in perform_test
    for cur_iter, (inputs, videos, labels, video_idx, meta) in enumerate(test_loader):
  File "/public/home/zhouz/.conda/envs/slowfast/lib/python3.6/site-packages/torch/utils/data/dataloader.py", line 435, in __next__
    data = self._next_data()
  File "/public/home/zhouz/.conda/envs/slowfast/lib/python3.6/site-packages/torch/utils/data/dataloader.py", line 475, in _next_data
    data = self._dataset_fetcher.fetch(index)  # may raise StopIteration
  File "/public/home/zhouz/.conda/envs/slowfast/lib/python3.6/site-packages/torch/utils/data/_utils/fetch.py", line 44, in fetch
    data = [self.dataset[idx] for idx in possibly_batched_index]
  File "/public/home/zhouz/.conda/envs/slowfast/lib/python3.6/site-packages/torch/utils/data/_utils/fetch.py", line 44, in <listcomp>
    data = [self.dataset[idx] for idx in possibly_batched_index]
  File "/public/home/zhouz/perl5/HAR/slowfast/datasets/kinetics.py", line 385, in __getitem__
    self._path_to_videos[index], e
Message: "Failed to load video3 from /public/home/zhouz/perl5/dataset/crime/Stealing/stealing212.mp4 with error [Errno 5] Input/output error: '/public/home/zhouz/perl5/dataset/crime/Stealing/stealing212.mp4'"
Arguments: ()
--- Logging error ---
Traceback (most recent call last):
  File "/public/home/zhouz/.conda/envs/slowfast/lib/python3.6/logging/__init__.py", line 996, in emit
    self.flush()
  File "/public/home/zhouz/.conda/envs/slowfast/lib/python3.6/logging/__init__.py", line 976, in flush
    self.stream.flush()
OSError: [Errno 5] Input/output error
Call stack:
  File "tools/run_net.py", line 45, in <module>
    main()
  File "tools/run_net.py", line 30, in main
    launch_job(cfg=cfg, init_method=args.init_method, func=test)
  File "/public/home/zhouz/perl5/HAR/slowfast/utils/misc.py", line 324, in launch_job
    func(cfg=cfg)
  File "/public/home/zhouz/perl5/HAR/tools/test_net.py", line 216, in test
    perform_test(test_loader, model, test_meter, cfg, writer)
  File "/public/home/zhouz/.conda/envs/slowfast/lib/python3.6/site-packages/torch/autograd/grad_mode.py", line 26, in decorate_context
    return func(*args, **kwargs)
  File "/public/home/zhouz/perl5/HAR/tools/test_net.py", line 49, in perform_test
    for cur_iter, (inputs, videos, labels, video_idx, meta) in enumerate(test_loader):
  File "/public/home/zhouz/.conda/envs/slowfast/lib/python3.6/site-packages/torch/utils/data/dataloader.py", line 435, in __next__
    data = self._next_data()
  File "/public/home/zhouz/.conda/envs/slowfast/lib/python3.6/site-packages/torch/utils/data/dataloader.py", line 475, in _next_data
    data = self._dataset_fetcher.fetch(index)  # may raise StopIteration
  File "/public/home/zhouz/.conda/envs/slowfast/lib/python3.6/site-packages/torch/utils/data/_utils/fetch.py", line 44, in fetch
    data = [self.dataset[idx] for idx in possibly_batched_index]
  File "/public/home/zhouz/.conda/envs/slowfast/lib/python3.6/site-packages/torch/utils/data/_utils/fetch.py", line 44, in <listcomp>
    data = [self.dataset[idx] for idx in possibly_batched_index]
  File "/public/home/zhouz/perl5/HAR/slowfast/datasets/kinetics.py", line 392, in __getitem__
    index, self._path_to_videos[index], i_try
Message: 'Failed to meta load video3 idx 8130 from /public/home/zhouz/perl5/dataset/crime/Stealing/stealing212.mp4; trial 0'
Arguments: ()
[11/18 11:30:46][INFO] slowfast.datasets.kinetics:  385: Failed to load video3 from /public/home/zhouz/perl5/dataset/crime/Stealing/stealing212.mp4 with error [Errno 5] Input/output error: '/public/home/zhouz/perl5/dataset/crime/Stealing/stealing212.mp4'
[11/18 11:35:53][WARNING] slowfast.datasets.kinetics:  392: Failed to meta load video3 idx 8130 from /public/home/zhouz/perl5/dataset/crime/Stealing/stealing212.mp4; trial 0
Traceback (most recent call last):
  File "tools/run_net.py", line 45, in <module>
    main()
  File "tools/run_net.py", line 30, in main
    launch_job(cfg=cfg, init_method=args.init_method, func=test)
  File "/public/home/zhouz/perl5/HAR/slowfast/utils/misc.py", line 324, in launch_job
    func(cfg=cfg)
  File "/public/home/zhouz/perl5/HAR/tools/test_net.py", line 216, in test
    perform_test(test_loader, model, test_meter, cfg, writer)
  File "/public/home/zhouz/.conda/envs/slowfast/lib/python3.6/site-packages/torch/autograd/grad_mode.py", line 26, in decorate_context
    return func(*args, **kwargs)
  File "/public/home/zhouz/perl5/HAR/tools/test_net.py", line 49, in perform_test
    for cur_iter, (inputs, videos, labels, video_idx, meta) in enumerate(test_loader):
  File "/public/home/zhouz/.conda/envs/slowfast/lib/python3.6/site-packages/torch/utils/data/dataloader.py", line 435, in __next__
    data = self._next_data()
  File "/public/home/zhouz/.conda/envs/slowfast/lib/python3.6/site-packages/torch/utils/data/dataloader.py", line 475, in _next_data
    data = self._dataset_fetcher.fetch(index)  # may raise StopIteration
  File "/public/home/zhouz/.conda/envs/slowfast/lib/python3.6/site-packages/torch/utils/data/_utils/fetch.py", line 47, in fetch
    return self.collate_fn(data)
  File "/public/home/zhouz/.conda/envs/slowfast/lib/python3.6/site-packages/torch/utils/data/_utils/collate.py", line 83, in default_collate
    return [default_collate(samples) for samples in transposed]
  File "/public/home/zhouz/.conda/envs/slowfast/lib/python3.6/site-packages/torch/utils/data/_utils/collate.py", line 83, in <listcomp>
    return [default_collate(samples) for samples in transposed]
  File "/public/home/zhouz/.conda/envs/slowfast/lib/python3.6/site-packages/torch/utils/data/_utils/collate.py", line 81, in default_collate
    raise RuntimeError('each element in list of batch should be of equal size')
RuntimeError: each element in list of batch should be of equal size
End slurm job at Fri Nov 18 11:37:28 CST 2022
